# JRE version: Java(TM) SE Runtime Environment (10.0.1+10) (build 10.0.1+10)
# Java VM: Java HotSpot(TM) 64-Bit Server VM (10.0.1+10, mixed mode, tiered, compressed oops, g1 gc, windows-amd64)
Heap:
 garbage-first heap   total 196608K, used 101737K [0x0000000701a00000, 0x00000007c0000000)
  region size 1024K, 20 young (20480K), 1 survivors (1024K)
 Metaspace       used 20649K, capacity 21050K, committed 21376K, reserved 1069056K
  class space    used 2189K, capacity 2403K, committed 2432K, reserved 1048576K
GC Heap History (10 events):
Event: 2.609 GC heap before
{Heap before GC invocations=6 (full 0):
 garbage-first heap   total 196608K, used 92573K [0x0000000701a00000, 0x00000007c0000000)
  region size 1024K, 6 young (6144K), 1 survivors (1024K)
 Metaspace       used 15374K, capacity 15686K, committed 15872K, reserved 1062912K
  class space    used 1516K, capacity 1702K, committed 1792K, reserved 1048576K
}
Event: 2.610 GC heap after
{Heap after GC invocations=7 (full 0):
 garbage-first heap   total 196608K, used 81474K [0x0000000701a00000, 0x00000007c0000000)
  region size 1024K, 1 young (1024K), 1 survivors (1024K)
 Metaspace       used 15374K, capacity 15686K, committed 15872K, reserved 1062912K
  class space    used 1516K, capacity 1702K, committed 1792K, reserved 1048576K
}
Event: 7.375 GC heap before
{Heap before GC invocations=8 (full 0):
 garbage-first heap   total 196608K, used 141890K [0x0000000701a00000, 0x00000007c0000000)
  region size 1024K, 57 young (58368K), 1 survivors (1024K)
 Metaspace       used 20307K, capacity 20697K, committed 21120K, reserved 1069056K
  class space    used 2175K, capacity 2371K, committed 2432K, reserved 1048576K
}
Event: 7.381 GC heap after
{Heap after GC invocations=9 (full 0):
 garbage-first heap   total 196608K, used 83458K [0x0000000701a00000, 0x00000007c0000000)
  region size 1024K, 6 young (6144K), 6 survivors (6144K)
 Metaspace       used 20307K, capacity 20697K, committed 21120K, reserved 1069056K
  class space    used 2175K, capacity 2371K, committed 2432K, reserved 1048576K
}
Event: 7.935 GC heap before
{Heap before GC invocations=9 (full 0):
 garbage-first heap   total 196608K, used 141826K [0x0000000701a00000, 0x00000007c0000000)
  region size 1024K, 63 young (64512K), 6 survivors (6144K)
 Metaspace       used 20397K, capacity 20825K, committed 21120K, reserved 1069056K
  class space    used 2175K, capacity 2371K, committed 2432K, reserved 1048576K
}
Event: 7.938 GC heap after
{Heap after GC invocations=10 (full 0):
 garbage-first heap   total 196608K, used 83422K [0x0000000701a00000, 0x00000007c0000000)
  region size 1024K, 1 young (1024K), 1 survivors (1024K)
 Metaspace       used 20397K, capacity 20825K, committed 21120K, reserved 1069056K
  class space    used 2175K, capacity 2371K, committed 2432K, reserved 1048576K
}
Event: 8.523 GC heap before
{Heap before GC invocations=10 (full 0):
 garbage-first heap   total 196608K, used 144862K [0x0000000701a00000, 0x00000007c0000000)
  region size 1024K, 61 young (62464K), 1 survivors (1024K)
 Metaspace       used 20528K, capacity 20953K, committed 21376K, reserved 1069056K
  class space    used 2175K, capacity 2371K, committed 2432K, reserved 1048576K
}
Event: 8.525 GC heap after
{Heap after GC invocations=11 (full 0):
 garbage-first heap   total 196608K, used 83317K [0x0000000701a00000, 0x00000007c0000000)
  region size 1024K, 1 young (1024K), 1 survivors (1024K)
 Metaspace       used 20528K, capacity 20953K, committed 21376K, reserved 1069056K
  class space    used 2175K, capacity 2371K, committed 2432K, reserved 1048576K
}
Event: 9.173 GC heap before
{Heap before GC invocations=11 (full 0):
 garbage-first heap   total 196608K, used 159093K [0x0000000701a00000, 0x00000007c0000000)
  region size 1024K, 75 young (76800K), 1 survivors (1024K)
 Metaspace       used 20638K, capacity 21050K, committed 21376K, reserved 1069056K
  class space    used 2189K, capacity 2403K, committed 2432K, reserved 1048576K
}
Event: 9.174 GC heap after
{Heap after GC invocations=12 (full 0):
 garbage-first heap   total 196608K, used 83305K [0x0000000701a00000, 0x00000007c0000000)
  region size 1024K, 1 young (1024K), 1 survivors (1024K)
 Metaspace       used 20638K, capacity 21050K, committed 21376K, reserved 1069056K
  class space    used 2189K, capacity 2403K, committed 2432K, reserved 1048576K
}

