# JRE version: Java(TM) SE Runtime Environment (10.0.1+10) (build 10.0.1+10)
# Java VM: Java HotSpot(TM) 64-Bit Server VM (10.0.1+10, mixed mode, tiered, compressed oops, g1 gc, windows-amd64)
Heap:
 garbage-first heap   total 196608K, used 143677K [0x0000000701a00000, 0x00000007c0000000)
  region size 1024K, 61 young (62464K), 4 survivors (4096K)
 Metaspace       used 20881K, capacity 21340K, committed 21760K, reserved 1069056K
  class space    used 2192K, capacity 2435K, committed 2560K, reserved 1048576K
GC Heap History (10 events):
Event: 6.262 GC heap before
{Heap before GC invocations=10 (full 0):
 garbage-first heap   total 196608K, used 146925K [0x0000000701a00000, 0x00000007c0000000)
  region size 1024K, 64 young (65536K), 2 survivors (2048K)
 Metaspace       used 20629K, capacity 21081K, committed 21504K, reserved 1069056K
  class space    used 2192K, capacity 2435K, committed 2560K, reserved 1048576K
}
Event: 6.264 GC heap after
{Heap after GC invocations=11 (full 0):
 garbage-first heap   total 196608K, used 83997K [0x0000000701a00000, 0x00000007c0000000)
  region size 1024K, 2 young (2048K), 2 survivors (2048K)
 Metaspace       used 20629K, capacity 21081K, committed 21504K, reserved 1069056K
  class space    used 2192K, capacity 2435K, committed 2560K, reserved 1048576K
}
Event: 6.757 GC heap before
{Heap before GC invocations=11 (full 0):
 garbage-first heap   total 196608K, used 158749K [0x0000000701a00000, 0x00000007c0000000)
  region size 1024K, 75 young (76800K), 2 survivors (2048K)
 Metaspace       used 20685K, capacity 21145K, committed 21504K, reserved 1069056K
  class space    used 2192K, capacity 2435K, committed 2560K, reserved 1048576K
}
Event: 6.758 GC heap after
{Heap after GC invocations=12 (full 0):
 garbage-first heap   total 196608K, used 84509K [0x0000000701a00000, 0x00000007c0000000)
  region size 1024K, 3 young (3072K), 3 survivors (3072K)
 Metaspace       used 20685K, capacity 21145K, committed 21504K, reserved 1069056K
  class space    used 2192K, capacity 2435K, committed 2560K, reserved 1048576K
}
Event: 7.292 GC heap before
{Heap before GC invocations=12 (full 0):
 garbage-first heap   total 196608K, used 159261K [0x0000000701a00000, 0x00000007c0000000)
  region size 1024K, 76 young (77824K), 3 survivors (3072K)
 Metaspace       used 20715K, capacity 21146K, committed 21504K, reserved 1069056K
  class space    used 2192K, capacity 2435K, committed 2560K, reserved 1048576K
}
Event: 7.294 GC heap after
{Heap after GC invocations=13 (full 0):
 garbage-first heap   total 196608K, used 85096K [0x0000000701a00000, 0x00000007c0000000)
  region size 1024K, 3 young (3072K), 3 survivors (3072K)
 Metaspace       used 20715K, capacity 21146K, committed 21504K, reserved 1069056K
  class space    used 2192K, capacity 2435K, committed 2560K, reserved 1048576K
}
Event: 7.829 GC heap before
{Heap before GC invocations=13 (full 0):
 garbage-first heap   total 196608K, used 160872K [0x0000000701a00000, 0x00000007c0000000)
  region size 1024K, 77 young (78848K), 3 survivors (3072K)
 Metaspace       used 20791K, capacity 21210K, committed 21504K, reserved 1069056K
  class space    used 2192K, capacity 2435K, committed 2560K, reserved 1048576K
}
Event: 7.831 GC heap after
{Heap after GC invocations=14 (full 0):
 garbage-first heap   total 196608K, used 85777K [0x0000000701a00000, 0x00000007c0000000)
  region size 1024K, 4 young (4096K), 4 survivors (4096K)
 Metaspace       used 20791K, capacity 21210K, committed 21504K, reserved 1069056K
  class space    used 2192K, capacity 2435K, committed 2560K, reserved 1048576K
}
Event: 8.460 GC heap before
{Heap before GC invocations=14 (full 0):
 garbage-first heap   total 196608K, used 161553K [0x0000000701a00000, 0x00000007c0000000)
  region size 1024K, 78 young (79872K), 4 survivors (4096K)
 Metaspace       used 20825K, capacity 21274K, committed 21760K, reserved 1069056K
  class space    used 2192K, capacity 2435K, committed 2560K, reserved 1048576K
}
Event: 8.462 GC heap after
{Heap after GC invocations=15 (full 0):
 garbage-first heap   total 196608K, used 86333K [0x0000000701a00000, 0x00000007c0000000)
  region size 1024K, 4 young (4096K), 4 survivors (4096K)
 Metaspace       used 20825K, capacity 21274K, committed 21760K, reserved 1069056K
  class space    used 2192K, capacity 2435K, committed 2560K, reserved 1048576K
}

